2021-06-21 20:19:47,181:INFO:Security Analytics object init
2021-06-21 20:19:47,183:ERROR:Error occured while reading JSON conf file.
2021-06-21 20:19:47,183:INFO:Attempting to create default JSON conf file.
2021-06-21 20:19:47,185:INFO:Default conf file written: oh_analytics_conf.json
Please modify conf file for your system.
Exiting.
2021-06-21 20:20:41,756:INFO:Security Analytics object init
2021-06-21 20:20:41,765:INFO:JSON conf loaded:
{'oh_token': 'oh.AnalyticsREST.Joam2PJlMpGw8XTWa5JuVuSwuey7aS66S1SIQDcilavWbcJcSL5TlEEnu7SRj0FEqkkf1oTCGstZLKZKQ', 'host': 'debian-openhab', 'port': '3306'}
2021-06-21 20:20:52,992:INFO:Security Analytics object init
2021-06-21 20:20:52,994:INFO:JSON conf loaded:
{'oh_token': 'oh.AnalyticsREST.Joam2PJlMpGw8XTWa5JuVuSwuey7aS66S1SIQDcilavWbcJcSL5TlEEnu7SRj0FEqkkf1oTCGstZLKZKQ', 'host': 'debian-openhab', 'port': '3306'}
2021-06-21 20:20:52,995:INFO:Reporting security message to Open Hab
2021-06-21 20:21:43,818:INFO:Security Analytics object init
2021-06-21 20:21:43,820:INFO:JSON conf loaded:
{'oh_token': 'oh.AnalyticsREST.Joam2PJlMpGw8XTWa5JuVuSwuey7aS66S1SIQDcilavWbcJcSL5TlEEnu7SRj0FEqkkf1oTCGstZLKZKQ', 'host': 'debian-openhab', 'port': '3306'}
2021-06-21 20:21:43,821:INFO:Reporting security message to Open Hab
2021-06-21 20:22:49,647:INFO:Security Analytics object init
2021-06-21 20:22:49,659:INFO:JSON conf loaded:
{'oh_token': 'oh.AnalyticsREST.Joam2PJlMpGw8XTWa5JuVuSwuey7aS66S1SIQDcilavWbcJcSL5TlEEnu7SRj0FEqkkf1oTCGstZLKZKQ', 'host': 'debian-openhab', 'port': '8080'}
2021-06-21 20:22:49,660:INFO:Reporting security message to Open Hab
2021-06-21 20:22:50,702:INFO:security_analytics_msg:Request:put:202
2021-06-21 20:22:50,703:INFO:security_analytics_msg:test
2021-06-21 20:25:32,904:INFO:Security Analytics object init
2021-06-21 20:25:32,906:INFO:JSON conf loaded:
{'oh_token': 'oh.AnalyticsREST.Joam2PJlMpGw8XTWa5JuVuSwuey7aS66S1SIQDcilavWbcJcSL5TlEEnu7SRj0FEqkkf1oTCGstZLKZKQ', 'host': 'debian-openhab', 'port': '8080'}
2021-06-21 20:25:32,907:INFO:Reporting security message to Open Hab
2021-06-21 20:25:33,938:INFO:security_analytics_msg:Request:put:202
2021-06-21 20:25:33,938:INFO:security_analytics_msg:
2021-06-21 20:25:35,948:INFO:Reporting security message to Open Hab
2021-06-21 20:25:36,970:INFO:security_analytics_msg:Request:put:202
2021-06-21 20:25:36,970:INFO:security_analytics_msg:Create Temperature Analytics obj and wait for OH item status change
2021-06-21 20:25:38,985:INFO:Reporting security message to Open Hab
2021-06-21 20:25:40,002:INFO:security_analytics_msg:Request:put:202
2021-06-21 20:25:40,002:INFO:security_analytics_msg:
2021-06-21 20:29:51,852:INFO:Security Analytics object init
2021-06-21 20:29:51,854:INFO:JSON conf loaded:
{'oh_token': 'oh.AnalyticsREST.Joam2PJlMpGw8XTWa5JuVuSwuey7aS66S1SIQDcilavWbcJcSL5TlEEnu7SRj0FEqkkf1oTCGstZLKZKQ', 'host': 'debian-openhab', 'port': '8080'}
2021-06-21 20:29:51,855:INFO:Reporting security message to Open Hab
2021-06-21 20:29:52,889:INFO:security_analytics_msg:Request:put:202
2021-06-21 20:29:52,890:INFO:security_analytics_msg:
2021-06-21 20:29:54,900:INFO:Reporting security message to Open Hab
2021-06-21 20:29:55,920:INFO:security_analytics_msg:Request:put:202
2021-06-21 20:29:55,921:INFO:security_analytics_msg:Create Temperature Analytics obj and wait for OH item status change
2021-06-21 20:29:57,934:INFO:Reporting security message to Open Hab
2021-06-21 20:29:58,955:INFO:security_analytics_msg:Request:put:202
2021-06-21 20:29:58,955:INFO:security_analytics_msg:
2021-06-21 20:30:17,672:INFO:Security Analytics object init
2021-06-21 20:30:17,674:INFO:JSON conf loaded:
{'oh_token': 'oh.AnalyticsREST.Joam2PJlMpGw8XTWa5JuVuSwuey7aS66S1SIQDcilavWbcJcSL5TlEEnu7SRj0FEqkkf1oTCGstZLKZKQ', 'host': 'debian-openhab', 'port': '8080'}
2021-06-21 20:30:17,675:INFO:Reporting security message to Open Hab
2021-06-21 20:30:18,707:INFO:security_analytics_msg:Request:put:202
2021-06-21 20:30:18,707:INFO:security_analytics_msg:
2021-06-21 20:30:20,712:INFO:Reporting security message to Open Hab
2021-06-21 20:30:21,737:INFO:security_analytics_msg:Request:put:202
2021-06-21 20:30:21,738:INFO:security_analytics_msg:Create Temperature Analytics obj and wait for OH item status change
2021-06-21 20:30:23,739:INFO:Reporting security message to Open Hab
2021-06-21 20:30:24,761:INFO:security_analytics_msg:Request:put:202
2021-06-21 20:30:24,761:INFO:security_analytics_msg:
