2021-06-21 20:49:54,407:INFO:Garage Door Analytics object init
2021-06-21 20:49:54,410:INFO:JSON conf loaded:
{'oh_token': 'oh.AnalyticsREST.Joam2PJlMpGw8XTWa5JuVuSwuey7aS66S1SIQDcilavWbcJcSL5TlEEnu7SRj0FEqkkf1oTCGstZLKZKQ', 'host': 'debian-openhab', 'port': '8080'}
2021-06-21 20:49:54,410:INFO:Reporting security message to Open Hab
2021-06-21 20:50:19,402:INFO:Garage Door Analytics object init
2021-06-21 20:50:19,404:INFO:JSON conf loaded:
{'oh_token': 'oh.AnalyticsREST.Joam2PJlMpGw8XTWa5JuVuSwuey7aS66S1SIQDcilavWbcJcSL5TlEEnu7SRj0FEqkkf1oTCGstZLKZKQ', 'host': 'debian-openhab', 'port': '8080'}
2021-06-21 20:50:19,405:INFO:Reporting security message to Open Hab
2021-06-21 20:50:20,435:INFO:security_analytics_msg:Request:put:202
2021-06-21 20:50:20,436:INFO:security_analytics_msg:
2021-06-21 20:50:22,445:INFO:Reporting security message to Open Hab
2021-06-21 20:50:23,464:INFO:security_analytics_msg:Request:put:202
2021-06-21 20:50:23,465:INFO:security_analytics_msg:Create Temperature Analytics obj and wait for OH item status change
2021-06-21 20:50:25,476:INFO:Reporting security message to Open Hab
2021-06-21 20:50:26,495:INFO:security_analytics_msg:Request:put:202
2021-06-21 20:50:26,496:INFO:security_analytics_msg:
2021-06-21 20:52:26,302:INFO:Garage Door Analytics object init
2021-06-21 20:52:26,305:INFO:JSON conf loaded:
{'oh_token': 'oh.AnalyticsREST.Joam2PJlMpGw8XTWa5JuVuSwuey7aS66S1SIQDcilavWbcJcSL5TlEEnu7SRj0FEqkkf1oTCGstZLKZKQ', 'host': 'debian-openhab', 'port': '8080'}
2021-06-21 20:52:26,305:INFO:Waiting garage door status change from Open Hab: MoxaMR451600DI_ExternalGarageDoorDownSensor 
2021-06-21 20:54:52,112:INFO:Garage Door Analytics object init
2021-06-21 20:54:52,114:INFO:JSON conf loaded:
{'oh_token': 'oh.AnalyticsREST.Joam2PJlMpGw8XTWa5JuVuSwuey7aS66S1SIQDcilavWbcJcSL5TlEEnu7SRj0FEqkkf1oTCGstZLKZKQ', 'host': 'debian-openhab', 'port': '8080'}
2021-06-21 20:54:52,115:INFO:Waiting garage door status change from Open Hab: MoxaMR451600DI_ExternalGarageDoorDownSensor 
2021-06-21 20:57:17,634:INFO:Garage Door Analytics object init
2021-06-21 20:57:17,636:INFO:JSON conf loaded:
{'oh_token': 'oh.AnalyticsREST.Joam2PJlMpGw8XTWa5JuVuSwuey7aS66S1SIQDcilavWbcJcSL5TlEEnu7SRj0FEqkkf1oTCGstZLKZKQ', 'host': 'debian-openhab', 'port': '8080'}
2021-06-21 20:57:17,637:INFO:Checking garage door status change from Open Hab: MoxaMR451600DI_ExternalGarageDoorDownSensor 
2021-06-21 20:58:03,100:INFO:Garage Door Analytics object init
2021-06-21 20:58:03,102:INFO:JSON conf loaded:
{'oh_token': 'oh.AnalyticsREST.Joam2PJlMpGw8XTWa5JuVuSwuey7aS66S1SIQDcilavWbcJcSL5TlEEnu7SRj0FEqkkf1oTCGstZLKZKQ', 'host': 'debian-openhab', 'port': '8080'}
2021-06-21 20:58:03,103:INFO:Checking garage door status change from Open Hab: MoxaMR451600DI_ExternalGarageDoorDownSensor 
2021-06-21 20:58:38,794:INFO:Garage Door Analytics object init
2021-06-21 20:58:38,796:INFO:JSON conf loaded:
{'oh_token': 'oh.AnalyticsREST.Joam2PJlMpGw8XTWa5JuVuSwuey7aS66S1SIQDcilavWbcJcSL5TlEEnu7SRj0FEqkkf1oTCGstZLKZKQ', 'host': 'debian-openhab', 'port': '8080'}
2021-06-21 20:58:38,798:INFO:Checking garage door status change from Open Hab: MoxaMR451600DI_ExternalGarageDoorDownSensor 
2021-06-21 20:59:56,821:INFO:Garage Door Analytics object init
2021-06-21 20:59:56,823:INFO:JSON conf loaded:
{'oh_token': 'oh.AnalyticsREST.Joam2PJlMpGw8XTWa5JuVuSwuey7aS66S1SIQDcilavWbcJcSL5TlEEnu7SRj0FEqkkf1oTCGstZLKZKQ', 'host': 'debian-openhab', 'port': '8080'}
2021-06-21 20:59:56,824:INFO:Checking garage door status change from Open Hab: MoxaMR451600DI_ExternalGarageDoorDownSensor 
2021-06-21 21:00:10,556:INFO:Garage Door Analytics object init
2021-06-21 21:00:10,558:INFO:JSON conf loaded:
{'oh_token': 'oh.AnalyticsREST.Joam2PJlMpGw8XTWa5JuVuSwuey7aS66S1SIQDcilavWbcJcSL5TlEEnu7SRj0FEqkkf1oTCGstZLKZKQ', 'host': 'debian-openhab', 'port': '8080'}
2021-06-21 21:00:10,559:INFO:Checking garage door status change from Open Hab: MoxaMR451600DI_ExternalGarageDoorDownSensor 
2021-06-21 21:00:30,923:INFO:Reporting security message to Open Hab
2021-06-21 21:00:31,944:INFO:security_analytics_msg:Request:put:202
2021-06-21 21:00:31,945:INFO:security_analytics_msg:Garage Door is Open
